<?xml version="1.0" encoding="UTF-8"?>
<!-- Generated by org.testng.reporters.JUnitReportReporter -->
<testsuite hostname="ThisPc" failures="0" tests="2" name="TestNG.TestNg1" time="0.021" errors="0" timestamp="2025-01-12T12:03:57 IST" skipped="0">
  <testcase classname="TestNG.TestNg1" name="Test1" time="0.019"/>
  <system-out/>
  <testcase classname="TestNG.TestNg1" name="Test2" time="0.002"/>
  <system-out/>
</testsuite> <!-- TestNG.TestNg1 -->
