<?xml version="1.0" encoding="UTF-8"?>
<!-- Generated by org.testng.reporters.JUnitReportReporter -->
<testsuite hostname="ThisPc" failures="0" tests="2" name="TestNG.TestNg2" time="0.006" errors="0" timestamp="2025-01-12T12:03:57 IST" skipped="0">
  <testcase classname="TestNG.TestNg2" name="Test4" time="0.002"/>
  <system-out/>
  <testcase classname="TestNG.TestNg2" name="Test3" time="0.004"/>
  <system-out/>
</testsuite> <!-- TestNG.TestNg2 -->
